#
# A fatal error has been detected by the Java Runtime Environment:
#
#  SIGSEGV (0xb) at pc=0x00007f2059069a7a, pid=31818, tid=0x00007f2040f40700
#
# JRE version: Java(TM) SE Runtime Environment (8.0_131-b11) (build 1.8.0_131-b11)
# Java VM: Java HotSpot(TM) 64-Bit Server VM (25.131-b11 mixed mode linux-amd64 compressed oops)
# Problematic frame:
# v  ~BufferBlob::jni_fast_GetLongField
#
# Failed to write core dump. Core dumps have been disabled. To enable core dumping, try "ulimit -c unlimited" before starting Java again
#
# If you would like to submit a bug report, please visit:
#   http://bugreport.java.com/bugreport/crash.jsp
# The crash happened outside the Java Virtual Machine in native code.
# See problematic frame for where to report the bug.
#

---------------  T H R E A D  ---------------

Current thread (0x00007f2068237000):  JavaThread "AWT-XAWT" daemon [_thread_in_native, id=31838, stack(0x00007f2040e40000,0x00007f2040f41000)]

siginfo: si_signo: 11 (SIGSEGV), si_code: 1 (SEGV_MAPERR), si_addr: 0x0000000000000000

Registers:
RAX=0x00007f206fede240, RBX=0x00007f20682371f8, RCX=0x00007f20709462c0, RDX=0x0000000000000042
RSP=0x00007f2040f3f638, RBP=0x00007f2040f3f660, RSI=0x0000000000000000, RDI=0x00007f20682371f8
R8 =0x0000000084d445c8, R9 =0x0000000000000000, R10=0x00000000000002e0, R11=0x00007f20594f0ad8
R12=0x00007f201002fb60, R13=0x0000000000000000, R14=0x00007f2042cd17e0, R15=0x00007f2068237000
RIP=0x00007f2059069a7a, EFLAGS=0x0000000000010246, CSGSFS=0x002b000000000033, ERR=0x0000000000000004
  TRAPNO=0x000000000000000e

Top of Stack: (sp=0x00007f2040f3f638)
0x00007f2040f3f638:   00007f2042aafee1 00007f2058be6400
0x00007f2040f3f648:   00007f201002fb60 00007f2040f3f710
0x00007f2040f3f658:   00007f2040f3f6e0 0000000000000000
0x00007f2040f3f668:   00007f20425913c0 00007f2058be6400
0x00007f2040f3f678:   00007f2040f3f6a0 0000000000000000
0x00007f2040f3f688:   00007f2042588f93 00007f2040f3f710
0x00007f2040f3f698:   00007f2042aa911f 00007f2040f3f6f0
0x00007f2040f3f6a8:   00007f20594f0b76 0000000000000000
0x00007f2040f3f6b8:   00007f20591e51b6 0000000084ce4448
0x00007f2040f3f6c8:   00007f205915d52c 00007f2040f3f770
0x00007f2040f3f6d8:   00000000d8143240 0000000084bf36f8
0x00007f2040f3f6e8:   0000000084ce44f0 00007f2040f3f770
0x00007f2040f3f6f8:   00007f2059007a90 00007f2040f3f770
0x00007f2040f3f708:   00007f2059007a90 0000000000000000
0x00007f2040f3f718:   00007f2059007dd0 00007f2018000e30
0x00007f2040f3f728:   0000000084ce4448 00007f2040f3f730
0x00007f2040f3f738:   00007f2058d00fbc 00007f2040f3f7b8
0x00007f2040f3f748:   00007f2058d0a428 0000000000000000
0x00007f2040f3f758:   00007f2058d010f8 00007f2040f3f710
0x00007f2040f3f768:   00007f2040f3f7b0 00007f2040f3f800
0x00007f2040f3f778:   00007f20590082bd 0000000000000000
0x00007f2040f3f788:   0000000084c3e798 0000000000000000
0x00007f2040f3f798:   0000000000000000 0000000000000000
0x00007f2040f3f7a8:   0000000084ce4448 0000000000000000
0x00007f2040f3f7b8:   0000000084c53140 00007f2040f3f7c0
0x00007f2040f3f7c8:   00007f2058d00dfd 00007f2040f3f810
0x00007f2040f3f7d8:   00007f2058d0a428 0000000000000000
0x00007f2040f3f7e8:   00007f2058d00e08 00007f2040f3f7b0
0x00007f2040f3f7f8:   00007f2040f3f810 00007f2040f3f858
0x00007f2040f3f808:   00007f2059008302 0000000084c53140
0x00007f2040f3f818:   00007f2040f3f818 00007f205882d99b
0x00007f2040f3f828:   00007f2040f3f868 00007f20588b5080 

Instructions: (pc=0x00007f2059069a7a)
0x00007f2059069a5a:   00 00 00 00 00 00 44 8b 15 61 42 eb 16 4c 8b ce
0x00007f2059069a6a:   41 f6 c2 01 0f 85 2e 00 00 00 4d 33 ca 4d 33 ca
0x00007f2059069a7a:   4d 8b 09 4c 8b da 49 c1 eb 02 4b 8b 04 19 49 bb
0x00007f2059069a8a:   c8 dc f1 6f 20 7f 00 00 4c 33 d8 4c 33 d8 45 3b 

Register to memory mapping:

RAX=0x00007f206fede240: <offset 0xf87240> in /usr/lib/jvm/java-8-oracle/jre/lib/amd64/server/libjvm.so at 0x00007f206ef57000
RBX=0x00007f20682371f8 is an unknown value
RCX=0x00007f20709462c0: <offset 0x2182c0> in /lib/x86_64-linux-gnu/libpthread.so.0 at 0x00007f207072e000
RDX=0x0000000000000042 is an unknown value
RSP=0x00007f2040f3f638 is pointing into the stack for thread: 0x00007f2068237000
RBP=0x00007f2040f3f660 is pointing into the stack for thread: 0x00007f2068237000
RSI=0x0000000000000000 is an unknown value
RDI=0x00007f20682371f8 is an unknown value
R8 =0x0000000084d445c8 is an oop
java.util.logging.Logger 
 - klass: 'java/util/logging/Logger'
R9 =0x0000000000000000 is an unknown value
R10=0x00000000000002e0 is an unknown value
R11=0x00007f20594f0ad8 is at entry_point+24 in (nmethod*)0x00007f20594f0950
R12=0x00007f201002fb60 is an unknown value
R13=0x0000000000000000 is an unknown value
R14=0x00007f2042cd17e0: <offset 0x2587e0> in /usr/lib/jvm/java-8-oracle/jre/lib/amd64/libawt_xawt.so at 0x00007f2042a79000
R15=0x00007f2068237000 is a thread


Stack: [0x00007f2040e40000,0x00007f2040f41000],  sp=0x00007f2040f3f638,  free space=1021k
Native frames: (J=compiled Java code, j=interpreted, Vv=VM code, C=native code)
v  ~BufferBlob::jni_fast_GetLongField
C  [libX11.so.6+0x643c0]  _XimServerDestroy+0x70

Java frames: (J=compiled Java code, j=interpreted, Vv=VM code)
J 1457  sun.awt.X11.XlibWrapper.XFilterEvent(JJ)Z (0 bytes) @ 0x00007f20594f0b04 [0x00007f20594f0ac0+0x44]
j  sun.awt.X11.XToolkit.run(Z)V+300
j  sun.awt.X11.XToolkit.run()V+5
j  java.lang.Thread.run()V+11
v  ~StubRoutines::call_stub

---------------  P R O C E S S  ---------------

Java Threads: ( => current thread )
  0x00007f20100b8000 JavaThread "TimerQueue" daemon [_thread_blocked, id=32143, stack(0x00007f1ffec7d000,0x00007f1ffed7e000)]
  0x00007f2068009000 JavaThread "DestroyJavaVM" [_thread_blocked, id=31823, stack(0x00007f2070a3b000,0x00007f2070b3c000)]
  0x00007f2018006000 JavaThread "AWT-EventQueue-0" [_thread_blocked, id=31840, stack(0x00007f2040c3e000,0x00007f2040d3f000)]
  0x00007f206827d000 JavaThread "AWT-Shutdown" [_thread_blocked, id=31839, stack(0x00007f2040d3f000,0x00007f2040e40000)]
=>0x00007f2068237000 JavaThread "AWT-XAWT" daemon [_thread_in_native, id=31838, stack(0x00007f2040e40000,0x00007f2040f41000)]
  0x00007f206820d800 JavaThread "Java2D Disposer" daemon [_thread_blocked, id=31837, stack(0x00007f2041351000,0x00007f2041452000)]
  0x00007f20680d1800 JavaThread "Service Thread" daemon [_thread_blocked, id=31835, stack(0x00007f20430a5000,0x00007f20431a6000)]
  0x00007f20680bc800 JavaThread "C1 CompilerThread2" daemon [_thread_blocked, id=31834, stack(0x00007f20431a6000,0x00007f20432a7000)]
  0x00007f20680ba800 JavaThread "C2 CompilerThread1" daemon [_thread_blocked, id=31833, stack(0x00007f20432a7000,0x00007f20433a8000)]
  0x00007f20680b8000 JavaThread "C2 CompilerThread0" daemon [_thread_blocked, id=31832, stack(0x00007f20433a8000,0x00007f20434a9000)]
  0x00007f20680b6800 JavaThread "Signal Dispatcher" daemon [_thread_blocked, id=31831, stack(0x00007f20434a9000,0x00007f20435aa000)]
  0x00007f2068083000 JavaThread "Finalizer" daemon [_thread_blocked, id=31830, stack(0x00007f2043a48000,0x00007f2043b49000)]
  0x00007f206807e800 JavaThread "Reference Handler" daemon [_thread_blocked, id=31829, stack(0x00007f2043b49000,0x00007f2043c4a000)]

Other Threads:
  0x00007f2068077000 VMThread [stack: 0x00007f2043c4a000,0x00007f2043d4b000] [id=31828]
  0x00007f20680d4800 WatcherThread [stack: 0x00007f2042fa4000,0x00007f20430a5000] [id=31836]

VM state:not at safepoint (normal execution)

VM Mutex/Monitor currently owned by a thread: None

Heap:
 PSYoungGen      total 54272K, used 19789K [0x00000000d6e00000, 0x00000000dbe00000, 0x0000000100000000)
  eden space 27648K, 71% used [0x00000000d6e00000,0x00000000d8143638,0x00000000d8900000)
  from space 26624K, 0% used [0x00000000da400000,0x00000000da410000,0x00000000dbe00000)
  to   space 27136K, 0% used [0x00000000d8900000,0x00000000d8900000,0x00000000da380000)
 ParOldGen       total 53760K, used 32280K [0x0000000084a00000, 0x0000000087e80000, 0x00000000d6e00000)
  object space 53760K, 60% used [0x0000000084a00000,0x0000000086986008,0x0000000087e80000)
 Metaspace       used 22203K, capacity 22464K, committed 22704K, reserved 1069056K
  class space    used 2586K, capacity 2677K, committed 2736K, reserved 1048576K

Card table byte_map: [0x00007f206d035000,0x00007f206d411000] byte_map_base: 0x00007f206cc10000

Marking Bits: (ParMarkBitMap*) 0x00007f206ff1cf60
 Begin Bits: [0x00007f2044250000, 0x00007f2046128000)
 End Bits:   [0x00007f2046128000, 0x00007f2048000000)

Polling page: 0x00007f2070b6d000

CodeCache: size=245760Kb used=8336Kb max_used=8346Kb free=237423Kb
 bounds [0x00007f2059000000, 0x00007f2059840000, 0x00007f2068000000]
 total_blobs=3235 nmethods=2590 adapters=557
 compilation: enabled

Compilation events (10 events):
Event: 736,888 Thread 0x00007f20680bc800 2880       3       java.util.PriorityQueue::poll (64 bytes)
Event: 736,888 Thread 0x00007f20680bc800 nmethod 2880 0x00007f205915dcd0 code [0x00007f205915de80, 0x00007f205915e318]
Event: 738,888 Thread 0x00007f20680bc800 2881       3       javax.swing.Timer$1::run (5 bytes)
Event: 738,888 Thread 0x00007f20680bc800 nmethod 2881 0x00007f20598359d0 code [0x00007f2059835c20, 0x00007f2059836838]
Event: 738,888 Thread 0x00007f20680bc800 2883       3       javax.swing.Timer::fireActionPerformed (46 bytes)
Event: 738,889 Thread 0x00007f20680bc800 nmethod 2883 0x00007f205955eb90 code [0x00007f205955ed20, 0x00007f205955f1c8]
Event: 738,889 Thread 0x00007f20680bc800 2882       3       javax.swing.Timer$1::run (12 bytes)
Event: 738,889 Thread 0x00007f20680bc800 nmethod 2882 0x00007f2059565f50 code [0x00007f20595661e0, 0x00007f2059567108]
Event: 740,537 Thread 0x00007f20680bc800 2884       3       sun.awt.X11.XNETProtocol::active (19 bytes)
Event: 740,537 Thread 0x00007f20680bc800 nmethod 2884 0x00007f2059194810 code [0x00007f2059194980, 0x00007f2059194c08]

GC Heap History (10 events):
Event: 88,965 GC heap before
{Heap before GC invocations=86 (full 2):
 PSYoungGen      total 25088K, used 22264K [0x00000000d6e00000, 0x00000000dc380000, 0x0000000100000000)
  eden space 23040K, 88% used [0x00000000d6e00000,0x00000000d81fbf20,0x00000000d8480000)
  from space 2048K, 87% used [0x00000000d8480000,0x00000000d8642340,0x00000000d8680000)
  to   space 32256K, 0% used [0x00000000da400000,0x00000000da400000,0x00000000dc380000)
 ParOldGen       total 53760K, used 30575K [0x0000000084a00000, 0x0000000087e80000, 0x00000000d6e00000)
  object space 53760K, 56% used [0x0000000084a00000,0x00000000867dbcc8,0x0000000087e80000)
 Metaspace       used 22165K, capacity 22454K, committed 22704K, reserved 1069056K
  class space    used 2583K, capacity 2674K, committed 2736K, reserved 1048576K
Event: 88,967 GC heap after
Heap after GC invocations=86 (full 2):
 PSYoungGen      total 53248K, used 506K [0x00000000d6e00000, 0x00000000dc180000, 0x0000000100000000)
  eden space 23040K, 0% used [0x00000000d6e00000,0x00000000d6e00000,0x00000000d8480000)
  from space 30208K, 1% used [0x00000000da400000,0x00000000da47e8d0,0x00000000dc180000)
  to   space 31232K, 0% used [0x00000000d8480000,0x00000000d8480000,0x00000000da300000)
 ParOldGen       total 53760K, used 31821K [0x0000000084a00000, 0x0000000087e80000, 0x00000000d6e00000)
  object space 53760K, 59% used [0x0000000084a00000,0x0000000086913738,0x0000000087e80000)
 Metaspace       used 22165K, capacity 22454K, committed 22704K, reserved 1069056K
  class space    used 2583K, capacity 2674K, committed 2736K, reserved 1048576K
}
Event: 89,045 GC heap before
{Heap before GC invocations=87 (full 2):
 PSYoungGen      total 53248K, used 19972K [0x00000000d6e00000, 0x00000000dc180000, 0x0000000100000000)
  eden space 23040K, 84% used [0x00000000d6e00000,0x00000000d8102988,0x00000000d8480000)
  from space 30208K, 1% used [0x00000000da400000,0x00000000da47e8d0,0x00000000dc180000)
  to   space 31232K, 0% used [0x00000000d8480000,0x00000000d8480000,0x00000000da300000)
 ParOldGen       total 53760K, used 31821K [0x0000000084a00000, 0x0000000087e80000, 0x00000000d6e00000)
  object space 53760K, 59% used [0x0000000084a00000,0x0000000086913738,0x0000000087e80000)
 Metaspace       used 22165K, capacity 22454K, committed 22704K, reserved 1069056K
  class space    used 2583K, capacity 2674K, committed 2736K, reserved 1048576K
Event: 89,047 GC heap after
Heap after GC invocations=87 (full 2):
 PSYoungGen      total 23552K, used 64K [0x00000000d6e00000, 0x00000000dbf80000, 0x0000000100000000)
  eden space 23040K, 0% used [0x00000000d6e00000,0x00000000d6e00000,0x00000000d8480000)
  from space 512K, 12% used [0x00000000d8480000,0x00000000d8490000,0x00000000d8500000)
  to   space 30208K, 0% used [0x00000000da200000,0x00000000da200000,0x00000000dbf80000)
 ParOldGen       total 53760K, used 32256K [0x0000000084a00000, 0x0000000087e80000, 0x00000000d6e00000)
  object space 53760K, 60% used [0x0000000084a00000,0x0000000086980008,0x0000000087e80000)
 Metaspace       used 22165K, capacity 22454K, committed 22704K, reserved 1069056K
  class space    used 2583K, capacity 2674K, committed 2736K, reserved 1048576K
}
Event: 89,141 GC heap before
{Heap before GC invocations=88 (full 2):
 PSYoungGen      total 23552K, used 19706K [0x00000000d6e00000, 0x00000000dbf80000, 0x0000000100000000)
  eden space 23040K, 85% used [0x00000000d6e00000,0x00000000d812e8a8,0x00000000d8480000)
  from space 512K, 12% used [0x00000000d8480000,0x00000000d8490000,0x00000000d8500000)
  to   space 30208K, 0% used [0x00000000da200000,0x00000000da200000,0x00000000dbf80000)
 ParOldGen       total 53760K, used 32256K [0x0000000084a00000, 0x0000000087e80000, 0x00000000d6e00000)
  object space 53760K, 60% used [0x0000000084a00000,0x0000000086980008,0x0000000087e80000)
 Metaspace       used 22165K, capacity 22454K, committed 22704K, reserved 1069056K
  class space    used 2583K, capacity 2674K, committed 2736K, reserved 1048576K
Event: 89,142 GC heap after
Heap after GC invocations=88 (full 2):
 PSYoungGen      total 51200K, used 96K [0x00000000d6e00000, 0x00000000dbd80000, 0x0000000100000000)
  eden space 23040K, 0% used [0x00000000d6e00000,0x00000000d6e00000,0x00000000d8480000)
  from space 28160K, 0% used [0x00000000da200000,0x00000000da218000,0x00000000dbd80000)
  to   space 29184K, 0% used [0x00000000d8480000,0x00000000d8480000,0x00000000da100000)
 ParOldGen       total 53760K, used 32264K [0x0000000084a00000, 0x0000000087e80000, 0x00000000d6e00000)
  object space 53760K, 60% used [0x0000000084a00000,0x0000000086982008,0x0000000087e80000)
 Metaspace       used 22165K, capacity 22454K, committed 22704K, reserved 1069056K
  class space    used 2583K, capacity 2674K, committed 2736K, reserved 1048576K
}
Event: 89,201 GC heap before
{Heap before GC invocations=89 (full 2):
 PSYoungGen      total 51200K, used 19831K [0x00000000d6e00000, 0x00000000dbd80000, 0x0000000100000000)
  eden space 23040K, 85% used [0x00000000d6e00000,0x00000000d8145c48,0x00000000d8480000)
  from space 28160K, 0% used [0x00000000da200000,0x00000000da218000,0x00000000dbd80000)
  to   space 29184K, 0% used [0x00000000d8480000,0x00000000d8480000,0x00000000da100000)
 ParOldGen       total 53760K, used 32264K [0x0000000084a00000, 0x0000000087e80000, 0x00000000d6e00000)
  object space 53760K, 60% used [0x0000000084a00000,0x0000000086982008,0x0000000087e80000)
 Metaspace       used 22165K, capacity 22454K, committed 22704K, reserved 1069056K
  class space    used 2583K, capacity 2674K, committed 2736K, reserved 1048576K
Event: 89,202 GC heap after
Heap after GC invocations=89 (full 2):
 PSYoungGen      total 52224K, used 64K [0x00000000d6e00000, 0x00000000dbf80000, 0x0000000100000000)
  eden space 23040K, 0% used [0x00000000d6e00000,0x00000000d6e00000,0x00000000d8480000)
  from space 29184K, 0% used [0x00000000d8480000,0x00000000d8490000,0x00000000da100000)
  to   space 28160K, 0% used [0x00000000da400000,0x00000000da400000,0x00000000dbf80000)
 ParOldGen       total 53760K, used 32272K [0x0000000084a00000, 0x0000000087e80000, 0x00000000d6e00000)
  object space 53760K, 60% used [0x0000000084a00000,0x0000000086984008,0x0000000087e80000)
 Metaspace       used 22165K, capacity 22454K, committed 22704K, reserved 1069056K
  class space    used 2583K, capacity 2674K, committed 2736K, reserved 1048576K
}
Event: 89,260 GC heap before
{Heap before GC invocations=90 (full 2):
 PSYoungGen      total 52224K, used 19837K [0x00000000d6e00000, 0x00000000dbf80000, 0x0000000100000000)
  eden space 23040K, 85% used [0x00000000d6e00000,0x00000000d814f608,0x00000000d8480000)
  from space 29184K, 0% used [0x00000000d8480000,0x00000000d8490000,0x00000000da100000)
  to   space 28160K, 0% used [0x00000000da400000,0x00000000da400000,0x00000000dbf80000)
 ParOldGen       total 53760K, used 32272K [0x0000000084a00000, 0x0000000087e80000, 0x00000000d6e00000)
  object space 53760K, 60% used [0x0000000084a00000,0x0000000086984008,0x0000000087e80000)
 Metaspace       used 22166K, capacity 22454K, committed 22704K, reserved 1069056K
  class space    used 2583K, capacity 2674K, committed 2736K, reserved 1048576K
Event: 89,261 GC heap after
Heap after GC invocations=90 (full 2):
 PSYoungGen      total 54272K, used 64K [0x00000000d6e00000, 0x00000000dbe00000, 0x0000000100000000)
  eden space 27648K, 0% used [0x00000000d6e00000,0x00000000d6e00000,0x00000000d8900000)
  from space 26624K, 0% used [0x00000000da400000,0x00000000da410000,0x00000000dbe00000)
  to   space 27136K, 0% used [0x00000000d8900000,0x00000000d8900000,0x00000000da380000)
 ParOldGen       total 53760K, used 32280K [0x0000000084a00000, 0x0000000087e80000, 0x00000000d6e00000)
  object space 53760K, 60% used [0x0000000084a00000,0x0000000086986008,0x0000000087e80000)
 Metaspace       used 22166K, capacity 22454K, committed 22704K, reserved 1069056K
  class space    used 2583K, capacity 2674K, committed 2736K, reserved 1048576K
}

Deoptimization events (10 events):
Event: 17,726 Thread 0x00007f2068289800 Uncommon trap: reason=class_check action=maybe_recompile pc=0x00007f20594b8754 method=java.awt.image.AreaAveragingScaleFilter.accumPixels(IIIILjava/awt/image/ColorModel;Ljava/lang/Object;II)V @ 474
Event: 17,726 Thread 0x00007f2068289800 Uncommon trap: reason=class_check action=maybe_recompile pc=0x00007f20594b8754 method=java.awt.image.AreaAveragingScaleFilter.accumPixels(IIIILjava/awt/image/ColorModel;Ljava/lang/Object;II)V @ 474
Event: 17,726 Thread 0x00007f2068289800 Uncommon trap: reason=class_check action=maybe_recompile pc=0x00007f20594b8754 method=java.awt.image.AreaAveragingScaleFilter.accumPixels(IIIILjava/awt/image/ColorModel;Ljava/lang/Object;II)V @ 474
Event: 17,726 Thread 0x00007f2068289800 Uncommon trap: reason=class_check action=maybe_recompile pc=0x00007f20594b8754 method=java.awt.image.AreaAveragingScaleFilter.accumPixels(IIIILjava/awt/image/ColorModel;Ljava/lang/Object;II)V @ 474
Event: 17,727 Thread 0x00007f2068289800 Uncommon trap: reason=class_check action=maybe_recompile pc=0x00007f205927fb88 method=java.awt.image.AreaAveragingScaleFilter.accumPixels(IIIILjava/awt/image/ColorModel;Ljava/lang/Object;II)V @ 474
Event: 24,129 Thread 0x00007f2018006000 Uncommon trap: reason=class_check action=maybe_recompile pc=0x00007f2059270dac method=java.io.BufferedInputStream.read1([BII)I @ 39
Event: 25,067 Thread 0x00007f2018006000 Uncommon trap: reason=class_check action=maybe_recompile pc=0x00007f2059189cb0 method=java.lang.String.equals(Ljava/lang/Object;)Z @ 8
Event: 27,543 Thread 0x00007f2068237000 Uncommon trap: reason=unstable_if action=reinterpret pc=0x00007f2059340fa8 method=sun.awt.X11.XWindow.getModifiers(III)I @ 47
Event: 29,233 Thread 0x00007f2068237000 Uncommon trap: reason=unstable_if action=reinterpret pc=0x00007f20596ae1a4 method=java.util.concurrent.locks.ReentrantLock$Sync.nonfairTryAcquire(I)Z @ 19
Event: 41,684 Thread 0x00007f2018006000 Uncommon trap: reason=unstable_if action=reinterpret pc=0x00007f205973bedc method=java.awt.Container.getMouseEventTargetImpl(IIZLjava/awt/Container$EventTargetFilter;ZZ)Ljava/awt/Component; @ 218

Internal exceptions (10 events):
Event: 3,545 Thread 0x00007f2018006000 Exception <a 'java/lang/ArrayIndexOutOfBoundsException'> (0x00000000d82a8f68) thrown at [/HUDSON/workspace/8-2-build-linux-amd64/jdk8u131/8869/hotspot/src/share/vm/runtime/sharedRuntime.cpp, line 605]
Event: 3,545 Thread 0x00007f2018006000 Exception <a 'java/lang/ArrayIndexOutOfBoundsException'> (0x00000000d82aa108) thrown at [/HUDSON/workspace/8-2-build-linux-amd64/jdk8u131/8869/hotspot/src/share/vm/runtime/sharedRuntime.cpp, line 605]
Event: 3,546 Thread 0x00007f2018006000 Exception <a 'java/lang/ArrayIndexOutOfBoundsException'> (0x00000000d82abb50) thrown at [/HUDSON/workspace/8-2-build-linux-amd64/jdk8u131/8869/hotspot/src/share/vm/runtime/sharedRuntime.cpp, line 605]
Event: 3,550 Thread 0x00007f2018006000 Exception <a 'java/lang/ArrayIndexOutOfBoundsException'> (0x00000000d82d3600) thrown at [/HUDSON/workspace/8-2-build-linux-amd64/jdk8u131/8869/hotspot/src/share/vm/runtime/sharedRuntime.cpp, line 605]
Event: 3,550 Thread 0x00007f2018006000 Exception <a 'java/lang/ArrayIndexOutOfBoundsException'> (0x00000000d82d4a50) thrown at [/HUDSON/workspace/8-2-build-linux-amd64/jdk8u131/8869/hotspot/src/share/vm/runtime/sharedRuntime.cpp, line 605]
Event: 3,550 Thread 0x00007f2018006000 Exception <a 'java/lang/ArrayIndexOutOfBoundsException'> (0x00000000d82d61d0) thrown at [/HUDSON/workspace/8-2-build-linux-amd64/jdk8u131/8869/hotspot/src/share/vm/runtime/sharedRuntime.cpp, line 605]
Event: 3,554 Thread 0x00007f2018006000 Exception <a 'java/lang/ArrayIndexOutOfBoundsException'> (0x00000000d832fe80) thrown at [/HUDSON/workspace/8-2-build-linux-amd64/jdk8u131/8869/hotspot/src/share/vm/runtime/sharedRuntime.cpp, line 605]
Event: 3,556 Thread 0x00007f2018006000 Exception <a 'java/lang/ArrayIndexOutOfBoundsException'> (0x00000000d833e448) thrown at [/HUDSON/workspace/8-2-build-linux-amd64/jdk8u131/8869/hotspot/src/share/vm/runtime/sharedRuntime.cpp, line 605]
Event: 3,894 Thread 0x00007f2018006000 Exception <a 'java/lang/UnsupportedOperationException': > (0x00000000d7860840) thrown at [/HUDSON/workspace/8-2-build-linux-amd64/jdk8u131/8869/hotspot/src/share/vm/prims/jni.cpp, line 735]
Event: 29,316 Thread 0x00007f2018006000 Exception <a 'java/lang/UnsupportedOperationException': > (0x00000000d88399f8) thrown at [/HUDSON/workspace/8-2-build-linux-amd64/jdk8u131/8869/hotspot/src/share/vm/prims/jni.cpp, line 735]

Events (10 events):
Event: 226,840 Thread 0x00007f20680bc800 flushing nmethod 0x00007f205958c5d0
Event: 226,840 Thread 0x00007f20680bc800 flushing nmethod 0x00007f205958cd90
Event: 226,840 Thread 0x00007f20680bc800 flushing nmethod 0x00007f205958d550
Event: 226,840 Thread 0x00007f20680bc800 flushing nmethod 0x00007f20595cda10
Event: 226,840 Thread 0x00007f20680bc800 flushing nmethod 0x00007f205960cfd0
Event: 226,840 Thread 0x00007f20680bc800 flushing nmethod 0x00007f205965b150
Event: 226,840 Thread 0x00007f20680bc800 flushing nmethod 0x00007f2059705750
Event: 226,840 Thread 0x00007f20680bc800 flushing nmethod 0x00007f205973af10
Event: 742,094 loading class sun/awt/X11/XDestroyWindowEvent
Event: 742,094 loading class sun/awt/X11/XDestroyWindowEvent done


Dynamic libraries:
00400000-00401000 r-xp 00000000 fd:00 1201269                            /usr/lib/jvm/java-8-oracle/bin/java
00600000-00601000 rw-p 00000000 fd:00 1201269                            /usr/lib/jvm/java-8-oracle/bin/java
0091b000-0093c000 rw-p 00000000 00:00 0                                  [heap]
84a00000-87e80000 rw-p 00000000 00:00 0 
87e80000-d6e00000 ---p 00000000 00:00 0 
d6e00000-dbe00000 rw-p 00000000 00:00 0 
dbe00000-100000000 ---p 00000000 00:00 0 
100000000-1002ac000 rw-p 00000000 00:00 0 
1002ac000-140000000 ---p 00000000 00:00 0 
7f1ff8000000-7f1ff8021000 rw-p 00000000 00:00 0 
7f1ff8021000-7f1ffc000000 ---p 00000000 00:00 0 
7f1ffec7d000-7f1ffec80000 ---p 00000000 00:00 0 
7f1ffec80000-7f1ffeefe000 rw-p 00000000 00:00 0 
7f1ffeefe000-7f1ffef7e000 ---p 00000000 00:00 0 
7f1fff599000-7f1fff799000 rw-p 00000000 00:00 0 
7f1fff799000-7f1fff999000 rw-p 00000000 00:00 0 
7f1fff999000-7f1fffb99000 rw-p 00000000 00:00 0 
7f1fffdb5000-7f1fffdbe000 r-xp 00000000 fd:00 1858280                    /usr/lib/jvm/java-8-oracle/jre/lib/amd64/libmanagement.so
7f1fffdbe000-7f1ffffbd000 ---p 00009000 fd:00 1858280                    /usr/lib/jvm/java-8-oracle/jre/lib/amd64/libmanagement.so
7f1ffffbd000-7f1ffffbe000 rw-p 00008000 fd:00 1858280                    /usr/lib/jvm/java-8-oracle/jre/lib/amd64/libmanagement.so
7f2000000000-7f2000049000 rw-p 00000000 00:00 0 
7f2000049000-7f2004000000 ---p 00000000 00:00 0 
7f2004000000-7f20040ad000 rw-p 00000000 00:00 0 
7f20040ad000-7f2008000000 ---p 00000000 00:00 0 
7f2008131000-7f200874c000 rw-s 00000000 00:05 5472335                    /SYSV00000000 (deleted)
7f200874c000-7f20087b5000 r-xp 00000000 fd:00 1858237                    /usr/lib/jvm/java-8-oracle/jre/lib/amd64/libt2k.so
7f20087b5000-7f20089b5000 ---p 00069000 fd:00 1858237                    /usr/lib/jvm/java-8-oracle/jre/lib/amd64/libt2k.so
7f20089b5000-7f20089bc000 rw-p 00069000 fd:00 1858237                    /usr/lib/jvm/java-8-oracle/jre/lib/amd64/libt2k.so
7f20089bc000-7f20089cc000 rw-p 00000000 00:00 0 
7f20089cc000-7f20089dd000 r-xp 00000000 fd:00 1858275                    /usr/lib/jvm/java-8-oracle/jre/lib/amd64/libnio.so
7f20089dd000-7f2008bdc000 ---p 00011000 fd:00 1858275                    /usr/lib/jvm/java-8-oracle/jre/lib/amd64/libnio.so
7f2008bdc000-7f2008bdd000 rw-p 00010000 fd:00 1858275                    /usr/lib/jvm/java-8-oracle/jre/lib/amd64/libnio.so
7f2008bdd000-7f2008bf4000 r-xp 00000000 fd:00 2224068                    /lib/x86_64-linux-gnu/libresolv-2.23.so
7f2008bf4000-7f2008df4000 ---p 00017000 fd:00 2224068                    /lib/x86_64-linux-gnu/libresolv-2.23.so
7f2008df4000-7f2008df5000 r--p 00017000 fd:00 2224068                    /lib/x86_64-linux-gnu/libresolv-2.23.so
7f2008df5000-7f2008df6000 rw-p 00018000 fd:00 2224068                    /lib/x86_64-linux-gnu/libresolv-2.23.so
7f2008df6000-7f2008df8000 rw-p 00000000 00:00 0 
7f2008df8000-7f2008dfd000 r-xp 00000000 fd:00 2224050                    /lib/x86_64-linux-gnu/libnss_dns-2.23.so
7f2008dfd000-7f2008ffd000 ---p 00005000 fd:00 2224050                    /lib/x86_64-linux-gnu/libnss_dns-2.23.so
7f2008ffd000-7f2008ffe000 r--p 00005000 fd:00 2224050                    /lib/x86_64-linux-gnu/libnss_dns-2.23.so
7f2008ffe000-7f2008fff000 rw-p 00006000 fd:00 2224050                    /lib/x86_64-linux-gnu/libnss_dns-2.23.so
7f2008fff000-7f200c000000 rw-p 00000000 00:00 0 
7f200c000000-7f200c021000 rw-p 00000000 00:00 0 
7f200c021000-7f2010000000 ---p 00000000 00:00 0 
7f2010000000-7f2010422000 rw-p 00000000 00:00 0 
7f2010422000-7f2014000000 ---p 00000000 00:00 0 
7f2014000000-7f2014024000 rw-p 00000000 00:00 0 
7f2014024000-7f2018000000 ---p 00000000 00:00 0 
7f2018000000-7f201829c000 rw-p 00000000 00:00 0 
7f201829c000-7f201c000000 ---p 00000000 00:00 0 
7f201c000000-7f201c021000 rw-p 00000000 00:00 0 
7f201c021000-7f2020000000 ---p 00000000 00:00 0 
7f2020000000-7f2020021000 rw-p 00000000 00:00 0 
7f2020021000-7f2024000000 ---p 00000000 00:00 0 
7f2024000000-7f2024f19000 rw-p 00000000 00:00 0 
7f2024f19000-7f2028000000 ---p 00000000 00:00 0 
7f2028000000-7f2028a71000 rw-p 00000000 00:00 0 
7f2028a71000-7f202c000000 ---p 00000000 00:00 0 
7f202c000000-7f202c021000 rw-p 00000000 00:00 0 
7f202c021000-7f2030000000 ---p 00000000 00:00 0 
7f2030000000-7f2030ca7000 rw-p 00000000 00:00 0 
7f2030ca7000-7f2034000000 ---p 00000000 00:00 0 
7f2034000000-7f2034021000 rw-p 00000000 00:00 0 
7f2034021000-7f2038000000 ---p 00000000 00:00 0 
7f2038000000-7f2038021000 rw-p 00000000 00:00 0 
7f2038021000-7f203c000000 ---p 00000000 00:00 0 
7f203c000000-7f203c021000 rw-p 00000000 00:00 0 
7f203c021000-7f2040000000 ---p 00000000 00:00 0 
7f2040000000-7f2040005000 r--s 0009a000 fd:00 1858170                    /usr/lib/jvm/java-8-oracle/jre/lib/jsse.jar
7f20400a1000-7f20400a4000 ---p 00000000 00:00 0 
7f20400a4000-7f20401a2000 rw-p 00000000 00:00 0 
7f20401a2000-7f20401b8000 r-xp 00000000 fd:00 1858272                    /usr/lib/jvm/java-8-oracle/jre/lib/amd64/libnet.so
7f20401b8000-7f20403b8000 ---p 00016000 fd:00 1858272                    /usr/lib/jvm/java-8-oracle/jre/lib/amd64/libnet.so
7f20403b8000-7f20403b9000 rw-p 00016000 fd:00 1858272                    /usr/lib/jvm/java-8-oracle/jre/lib/amd64/libnet.so
7f20403b9000-7f20405b9000 rw-p 00000000 00:00 0 
7f20405b9000-7f20405bc000 ---p 00000000 00:00 0 
7f20405bc000-7f20406ba000 rw-p 00000000 00:00 0 
7f204070e000-7f204070f000 r--s 00000000 fd:02 263723                     /var/cache/fontconfig/087e1975ba9a574b140bb1df193bf770-le64.cache-6
7f204070f000-7f2040713000 r--s 00000000 fd:02 264491                     /var/cache/fontconfig/6aa41aa22e18b8fa06a12da28ea9c28b-le64.cache-6
7f2040713000-7f204071e000 r--s 00000000 fd:02 264488                     /var/cache/fontconfig/945677eb7aeaf62f1d50efc3fb3ec7d8-le64.cache-6
7f204071e000-7f2040724000 r--s 00000000 fd:02 264519                     /var/cache/fontconfig/2cd17615ca594fa2959ae173292e504c-le64.cache-6
7f2040724000-7f2040725000 r--s 00000000 fd:02 264518                     /var/cache/fontconfig/0d8c3b2ac0904cb8a57a757ad11a4a08-le64.cache-6
7f2040725000-7f2040729000 r--s 00000000 fd:02 262979                     /var/cache/fontconfig/de156ccd2eddbdc19d37a45b8b2aac9c-le64.cache-6
7f2040729000-7f204073e000 r--s 00000000 fd:02 264517                     /var/cache/fontconfig/04aabc0a78ac019cf9454389977116d2-le64.cache-6
7f204073e000-7f204073f000 r--s 00000000 fd:02 264516                     /var/cache/fontconfig/1ac9eb803944fde146138c791f5cc56a-le64.cache-6
7f204073f000-7f2040740000 r--s 00000000 fd:02 263627                     /var/cache/fontconfig/b95bc8ffbebda2bbdae4265e45b8178d-le64.cache-6
7f2040740000-7f2040744000 r--s 00000000 fd:02 264515                     /var/cache/fontconfig/385c0604a188198f04d133e54aba7fe7-le64.cache-6
7f2040744000-7f2040745000 r--s 00000000 fd:02 263626                     /var/cache/fontconfig/9c956a7723ca69a44b382d9179c9802f-le64.cache-6
7f2040745000-7f2040746000 r--s 00000000 fd:02 264514                     /var/cache/fontconfig/dc05db6664285cc2f12bf69c139ae4c3-le64.cache-6
7f2040746000-7f2040747000 r--s 00000000 fd:02 263625                     /var/cache/fontconfig/5d1cca7074f29429a8d18692746c2426-le64.cache-6
7f2040747000-7f204074a000 r--s 00000000 fd:02 264513                     /var/cache/fontconfig/767a8244fc0220cfb567a839d0392e0b-le64.cache-6
7f204074a000-7f204074b000 r--s 00000000 fd:02 264512                     /var/cache/fontconfig/4794a0821666d79190d59a36cb4f44b5-le64.cache-6
7f204074b000-7f204074c000 r--s 00000000 fd:02 263624                     /var/cache/fontconfig/9eae20f1ff8cc0a7d125749e875856bd-le64.cache-6
7f204074c000-7f204074f000 r--s 00000000 fd:02 263623                     /var/cache/fontconfig/bf2c1853a9e9b00bb02fe2e9bcf1e201-le64.cache-6
7f204074f000-7f2040754000 r--s 00000000 fd:02 264511                     /var/cache/fontconfig/8801497958630a81b71ace7c5f9b32a8-le64.cache-6
7f2040754000-7f2040758000 r--s 00000000 fd:02 262937                     /var/cache/fontconfig/c57959a16110560c8d0fcea73374aeeb-le64.cache-6
7f2040758000-7f2040759000 r--s 00000000 fd:02 264510                     /var/cache/fontconfig/bab58bb527bb656aaa9f116d68a48d89-le64.cache-6
7f2040759000-7f2040760000 r--s 00000000 fd:02 264509                     /var/cache/fontconfig/3047814df9a2f067bd2d96a2b9c36e5a-le64.cache-6
7f2040760000-7f2040768000 r--s 00000000 fd:02 264508                     /var/cache/fontconfig/bf3b770c553c462765856025a94f1ce6-le64.cache-6
7f2040768000-7f2040769000 r--s 00000000 fd:02 264507                     /var/cache/fontconfig/56cf4f4769d0f4abc89a4895d7bd3ae1-le64.cache-6
7f2040769000-7f204076a000 r--s 00000000 fd:02 264506                     /var/cache/fontconfig/b9d506c9ac06c20b433354fa67a72993-le64.cache-6
7f204076a000-7f2040770000 r--s 00000000 fd:02 264505                     /var/cache/fontconfig/b47c4e1ecd0709278f4910c18777a504-le64.cache-6
7f2040770000-7f2040772000 r--s 00000000 fd:02 263622                     /var/cache/fontconfig/4b14b093aebc79c320de5e86ae1d3314-le64.cache-6
7f2040772000-7f2040773000 r--s 00000000 fd:02 263621                     /var/cache/fontconfig/8aec10f4cc8391dcef22ca549f1e4354-le64.cache-6
7f2040773000-7f2040786000 r--s 00000000 fd:02 264504                     /var/cache/fontconfig/d52a8644073d54c13679302ca1180695-le64.cache-6
7f2040786000-7f2040787000 r--s 00000000 fd:02 264503                     /var/cache/fontconfig/551ecf3b0e8b0bca0f25c0944f561853-le64.cache-6
7f2040787000-7f2040788000 r--s 00000000 fd:02 263722                     /var/cache/fontconfig/8a687c406b77f27d99abfeeba937fcce-le64.cache-6
7f2040788000-7f2040789000 r--s 00000000 fd:02 263620                     /var/cache/fontconfig/ac2cf712d852da827a87a9baf682f5b9-le64.cache-6
7f2040789000-7f204078b000 r--s 00000000 fd:02 263619                     /var/cache/fontconfig/65f976e5259cbe6dc7697b8648396239-le64.cache-6
7f204078b000-7f2040796000 r--s 00000000 fd:02 262364                     /var/cache/fontconfig/d589a48862398ed80a3d6066f4f56f4c-le64.cache-6
7f2040796000-7f2040798000 r--s 00000000 fd:02 263616                     /var/cache/fontconfig/67709b7835c0f764c1135060c9575660-le64.cache-6
7f2040798000-7f204079b000 r--s 00000000 fd:02 264499                     /var/cache/fontconfig/75114ca45c98e8a441da0ff356701271-le64.cache-6
7f204079b000-7f20407a6000 r--s 00000000 fd:02 264498                     /var/cache/fontconfig/83bf95040141907cd45bb53cf7c1c148-le64.cache-6
7f20407a6000-7f20407b8000 r--s 00000000 fd:02 264486                     /var/cache/fontconfig/9b89f8e3dae116d678bbf48e5f21f69b-le64.cache-6
7f20407b8000-7f20407c1000 r--s 00000000 fd:02 263720                     /var/cache/fontconfig/d0972c3d32f097851eb916381fc38920-le64.cache-6
7f20407c1000-7f20407c5000 r--s 00000000 fd:02 264205                     /var/cache/fontconfig/6c08beecf0dac481ec92e759e0c2e6d7-le64.cache-6
7f20407c5000-7f20407c9000 r--s 00000000 fd:02 264204                     /var/cache/fontconfig/4d6aee6d44eccb37054d3216e945f618-le64.cache-6
7f20407c9000-7f20407cd000 r--s 00000000 fd:02 264203                     /var/cache/fontconfig/d6c6df98c3df5faf9bd0f8ef4d91efe5-le64.cache-6
7f2040a10000-7f2040a11000 r--s 00000000 fd:02 263618                     /var/cache/fontconfig/845c20fd2c4814bcec78e05d37a63ccc-le64.cache-6
7f2040a11000-7f2040a31000 r--s 00000000 fd:02 262463                     /var/cache/fontconfig/e13b20fdb08344e0e664864cc2ede53d-le64.cache-6
7f2040a31000-7f2040a3e000 r--s 00000000 fd:02 263713                     /var/cache/fontconfig/8f02d4cb045bd6ce15663e43f347c9f8-le64.cache-6
7f2040a3e000-7f2040c3e000 rw-p 00000000 00:00 0 
7f2040c3e000-7f2040c41000 ---p 00000000 00:00 0 
7f2040c41000-7f2040d3f000 rw-p 00000000 00:00 0 
7f2040d3f000-7f2040d42000 ---p 00000000 00:00 0 
7f2040d42000-7f2040e40000 rw-p 00000000 00:00 0 
7f2040e40000-7f2040e43000 ---p 00000000 00:00 0 
7f2040e43000-7f2040f41000 rw-p 00000000 00:00 0 
7f2040f41000-7f2040f46000 r-xp 00000000 fd:00 393715                     /usr/lib/x86_64-linux-gnu/libXfixes.so.3.1.0
7f2040f46000-7f2041145000 ---p 00005000 fd:00 393715                     /usr/lib/x86_64-linux-gnu/libXfixes.so.3.1.0
7f2041145000-7f2041146000 r--p 00004000 fd:00 393715                     /usr/lib/x86_64-linux-gnu/libXfixes.so.3.1.0
7f2041146000-7f2041147000 rw-p 00005000 fd:00 393715                     /usr/lib/x86_64-linux-gnu/libXfixes.so.3.1.0
7f2041147000-7f2041150000 r-xp 00000000 fd:00 408853                     /usr/lib/x86_64-linux-gnu/libXcursor.so.1.0.2
7f2041150000-7f204134f000 ---p 00009000 fd:00 408853                     /usr/lib/x86_64-linux-gnu/libXcursor.so.1.0.2
7f204134f000-7f2041350000 r--p 00008000 fd:00 408853                     /usr/lib/x86_64-linux-gnu/libXcursor.so.1.0.2
7f2041350000-7f2041351000 rw-p 00009000 fd:00 408853                     /usr/lib/x86_64-linux-gnu/libXcursor.so.1.0.2
7f2041351000-7f2041354000 ---p 00000000 00:00 0 
7f2041354000-7f2041452000 rw-p 00000000 00:00 0 
7f2041452000-7f2041468000 r-xp 00000000 fd:00 2223937                    /lib/x86_64-linux-gnu/libgcc_s.so.1
7f2041468000-7f2041667000 ---p 00016000 fd:00 2223937                    /lib/x86_64-linux-gnu/libgcc_s.so.1
7f2041667000-7f2041668000 rw-p 00015000 fd:00 2223937                    /lib/x86_64-linux-gnu/libgcc_s.so.1
7f2041668000-7f20416cd000 r-xp 00000000 fd:00 1858253                    /usr/lib/jvm/java-8-oracle/jre/lib/amd64/libfontmanager.so
7f20416cd000-7f20418cc000 ---p 00065000 fd:00 1858253                    /usr/lib/jvm/java-8-oracle/jre/lib/amd64/libfontmanager.so
7f20418cc000-7f20418d1000 rw-p 00064000 fd:00 1858253                    /usr/lib/jvm/java-8-oracle/jre/lib/amd64/libfontmanager.so
7f20418d1000-7f20418e1000 rw-p 00000000 00:00 0 
7f20418e1000-7f20418e6000 r-xp 00000000 fd:00 393679                     /usr/lib/x86_64-linux-gnu/libXdmcp.so.6.0.0
7f20418e6000-7f2041ae5000 ---p 00005000 fd:00 393679                     /usr/lib/x86_64-linux-gnu/libXdmcp.so.6.0.0
7f2041ae5000-7f2041ae6000 r--p 00004000 fd:00 393679                     /usr/lib/x86_64-linux-gnu/libXdmcp.so.6.0.0
7f2041ae6000-7f2041ae7000 rw-p 00005000 fd:00 393679                     /usr/lib/x86_64-linux-gnu/libXdmcp.so.6.0.0
7f2041ae7000-7f2041ae9000 r-xp 00000000 fd:00 393675                     /usr/lib/x86_64-linux-gnu/libXau.so.6.0.0
7f2041ae9000-7f2041ce9000 ---p 00002000 fd:00 393675                     /usr/lib/x86_64-linux-gnu/libXau.so.6.0.0
7f2041ce9000-7f2041cea000 r--p 00002000 fd:00 393675                     /usr/lib/x86_64-linux-gnu/libXau.so.6.0.0
7f2041cea000-7f2041ceb000 rw-p 00003000 fd:00 393675                     /usr/lib/x86_64-linux-gnu/libXau.so.6.0.0
7f2041ceb000-7f2041d0c000 r-xp 00000000 fd:00 393683                     /usr/lib/x86_64-linux-gnu/libxcb.so.1.1.0
7f2041d0c000-7f2041f0b000 ---p 00021000 fd:00 393683                     /usr/lib/x86_64-linux-gnu/libxcb.so.1.1.0
7f2041f0b000-7f2041f0c000 r--p 00020000 fd:00 393683                     /usr/lib/x86_64-linux-gnu/libxcb.so.1.1.0
7f2041f0c000-7f2041f0d000 rw-p 00021000 fd:00 393683                     /usr/lib/x86_64-linux-gnu/libxcb.so.1.1.0
7f2041f0d000-7f2041f1c000 r-xp 00000000 fd:00 393826                     /usr/lib/x86_64-linux-gnu/libXi.so.6.1.0
7f2041f1c000-7f204211b000 ---p 0000f000 fd:00 393826                     /usr/lib/x86_64-linux-gnu/libXi.so.6.1.0
7f204211b000-7f204211c000 r--p 0000e000 fd:00 393826                     /usr/lib/x86_64-linux-gnu/libXi.so.6.1.0
7f204211c000-7f204211d000 rw-p 0000f000 fd:00 393826                     /usr/lib/x86_64-linux-gnu/libXi.so.6.1.0
7f204211d000-7f2042122000 r-xp 00000000 fd:00 393735                     /usr/lib/x86_64-linux-gnu/libXtst.so.6.1.0
7f2042122000-7f2042321000 ---p 00005000 fd:00 393735                     /usr/lib/x86_64-linux-gnu/libXtst.so.6.1.0
7f2042321000-7f2042322000 r--p 00004000 fd:00 393735                     /usr/lib/x86_64-linux-gnu/libXtst.so.6.1.0
7f2042322000-7f2042323000 rw-p 00005000 fd:00 393735                     /usr/lib/x86_64-linux-gnu/libXtst.so.6.1.0
7f2042323000-7f204232c000 r-xp 00000000 fd:00 393717                     /usr/lib/x86_64-linux-gnu/libXrender.so.1.3.0
7f204232c000-7f204252b000 ---p 00009000 fd:00 393717                     /usr/lib/x86_64-linux-gnu/libXrender.so.1.3.0
7f204252b000-7f204252c000 r--p 00008000 fd:00 393717                     /usr/lib/x86_64-linux-gnu/libXrender.so.1.3.0
7f204252c000-7f204252d000 rw-p 00009000 fd:00 393717                     /usr/lib/x86_64-linux-gnu/libXrender.so.1.3.0
7f204252d000-7f2042662000 r-xp 00000000 fd:00 393693                     /usr/lib/x86_64-linux-gnu/libX11.so.6.3.0
7f2042662000-7f2042862000 ---p 00135000 fd:00 393693                     /usr/lib/x86_64-linux-gnu/libX11.so.6.3.0
7f2042862000-7f2042863000 r--p 00135000 fd:00 393693                     /usr/lib/x86_64-linux-gnu/libX11.so.6.3.0
7f2042863000-7f2042867000 rw-p 00136000 fd:00 393693                     /usr/lib/x86_64-linux-gnu/libX11.so.6.3.0
7f2042867000-7f2042878000 r-xp 00000000 fd:00 393697                     /usr/lib/x86_64-linux-gnu/libXext.so.6.4.0
7f2042878000-7f2042a77000 ---p 00011000 fd:00 393697                     /usr/lib/x86_64-linux-gnu/libXext.so.6.4.0
7f2042a77000-7f2042a78000 r--p 00010000 fd:00 393697                     /usr/lib/x86_64-linux-gnu/libXext.so.6.4.0
7f2042a78000-7f2042a79000 rw-p 00011000 fd:00 393697                     /usr/lib/x86_64-linux-gnu/libXext.so.6.4.0
7f2042a79000-7f2042acd000 r-xp 00000000 fd:00 1858279                    /usr/lib/jvm/java-8-oracle/jre/lib/amd64/libawt_xawt.so
7f2042acd000-7f2042ccd000 ---p 00054000 fd:00 1858279                    /usr/lib/jvm/java-8-oracle/jre/lib/amd64/libawt_xawt.so
7f2042ccd000-7f2042cd1000 rw-p 00054000 fd:00 1858279                    /usr/lib/jvm/java-8-oracle/jre/lib/amd64/libawt_xawt.so
7f2042cd1000-7f2042cd2000 rw-p 00000000 00:00 0 
7f2042cd2000-7f2042d74000 r-xp 00000000 fd:00 1858265                    /usr/lib/jvm/java-8-oracle/jre/lib/amd64/libawt.so
7f2042d74000-7f2042f74000 ---p 000a2000 fd:00 1858265                    /usr/lib/jvm/java-8-oracle/jre/lib/amd64/libawt.so
7f2042f74000-7f2042f80000 rw-p 000a2000 fd:00 1858265                    /usr/lib/jvm/java-8-oracle/jre/lib/amd64/libawt.so
7f2042f80000-7f2042fa4000 rw-p 00000000 00:00 0 
7f2042fa4000-7f2042fa5000 ---p 00000000 00:00 0 
7f2042fa5000-7f20430a5000 rw-p 00000000 00:00 0 
7f20430a5000-7f20430a8000 ---p 00000000 00:00 0 
7f20430a8000-7f20431a6000 rw-p 00000000 00:00 0 
7f20431a6000-7f20431a9000 ---p 00000000 00:00 0 
7f20431a9000-7f20432a7000 rw-p 00000000 00:00 0 
7f20432a7000-7f20432aa000 ---p 00000000 00:00 0 
7f20432aa000-7f20433a8000 rw-p 00000000 00:00 0 
7f20433a8000-7f20433ab000 ---p 00000000 00:00 0 
7f20433ab000-7f20434a9000 rw-p 00000000 00:00 0 
7f20434a9000-7f20434ac000 ---p 00000000 00:00 0 
7f20434ac000-7f20435aa000 rw-p 00000000 00:00 0 
7f20435aa000-7f2043a48000 r--p 00000000 fd:00 392604                     /usr/lib/locale/locale-archive
7f2043a48000-7f2043a4b000 ---p 00000000 00:00 0 
7f2043a4b000-7f2043b49000 rw-p 00000000 00:00 0 
7f2043b49000-7f2043b4c000 ---p 00000000 00:00 0 
7f2043b4c000-7f2043c4a000 rw-p 00000000 00:00 0 
7f2043c4a000-7f2043c4b000 ---p 00000000 00:00 0 
7f2043c4b000-7f2048000000 rw-p 00000000 00:00 0 
7f2048000000-7f2048021000 rw-p 00000000 00:00 0 
7f2048021000-7f204c000000 ---p 00000000 00:00 0 
7f204c000000-7f204c021000 rw-p 00000000 00:00 0 
7f204c021000-7f2050000000 ---p 00000000 00:00 0 
7f2050000000-7f2050023000 rw-p 00000000 00:00 0 
7f2050023000-7f2054000000 ---p 00000000 00:00 0 
7f2054000000-7f2054021000 rw-p 00000000 00:00 0 
7f2054021000-7f2058000000 ---p 00000000 00:00 0 
7f2058000000-7f2058004000 r--s 00000000 fd:02 264202                     /var/cache/fontconfig/9fb319ef52839f11ee26ab8b4cffa12b-le64.cache-6
7f2058004000-7f2058007000 r--s 00000000 fd:02 264122                     /var/cache/fontconfig/c19b55eb3b4c5b40ea175e31682068a5-le64.cache-6
7f2058007000-7f205800c000 r--s 00000000 fd:02 262323                     /var/cache/fontconfig/7ef2298fde41cc6eeb7af42e48b7d293-le64.cache-6
7f205800c000-7f205802d000 r--s 00000000 fd:02 264323                     /var/cache/fontconfig/467c019e582ee353435ea5c21d137ef6-le64.cache-6
7f205802d000-7f2058040000 r--s 00345000 fd:00 1858158                    /usr/lib/jvm/java-8-oracle/jre/lib/resources.jar
7f205804a000-7f2058054000 r--s 00116000 fd:00 1858180                    /usr/lib/jvm/java-8-oracle/jre/lib/ext/localedata.jar
7f2058054000-7f2058070000 r--s 00393000 fd:00 1858173                    /usr/lib/jvm/java-8-oracle/jre/lib/ext/cldrdata.jar
7f2058070000-7f2058096000 r--p 00000000 fd:00 530801                     /usr/share/locale-langpack/fr/LC_MESSAGES/libc.mo
7f2058096000-7f2059000000 rw-p 00000000 00:00 0 
7f2059000000-7f2059840000 rwxp 00000000 00:00 0 
7f2059840000-7f2068000000 ---p 00000000 00:00 0 
7f2068000000-7f20682f3000 rw-p 00000000 00:00 0 
7f20682f3000-7f206c000000 ---p 00000000 00:00 0 
7f206c000000-7f206c001000 r--s 00000000 fd:02 263617                     /var/cache/fontconfig/e7de81b01590fb7e12b38e274e17d0db-le64.cache-6
7f206c001000-7f206c002000 r--s 00000000 fd:02 264501                     /var/cache/fontconfig/30829fa25452a46451e813d634d7f916-le64.cache-6
7f206c002000-7f206c375000 rw-p 00000000 00:00 0 
7f206c375000-7f206c54e000 r--s 03d40000 fd:00 1858123                    /usr/lib/jvm/java-8-oracle/jre/lib/rt.jar
7f206c54e000-7f206c99f000 rw-p 00000000 00:00 0 
7f206c99f000-7f206c9a0000 ---p 00000000 00:00 0 
7f206c9a0000-7f206caa0000 rw-p 00000000 00:00 0 
7f206caa0000-7f206caa1000 ---p 00000000 00:00 0 
7f206caa1000-7f206cba1000 rw-p 00000000 00:00 0 
7f206cba1000-7f206cba2000 ---p 00000000 00:00 0 
7f206cba2000-7f206cca2000 rw-p 00000000 00:00 0 
7f206cca2000-7f206cca3000 ---p 00000000 00:00 0 
7f206cca3000-7f206cdbe000 rw-p 00000000 00:00 0 
7f206cdbe000-7f206d035000 ---p 00000000 00:00 0 
7f206d035000-7f206d050000 rw-p 00000000 00:00 0 
7f206d050000-7f206d2c7000 ---p 00000000 00:00 0 
7f206d2c7000-7f206d2ef000 rw-p 00000000 00:00 0 
7f206d2ef000-7f206d410000 ---p 00000000 00:00 0 
7f206d410000-7f206d432000 rw-p 00000000 00:00 0 
7f206d432000-7f206d7d1000 ---p 00000000 00:00 0 
7f206d7d1000-7f206d7eb000 r-xp 00000000 fd:00 1858268                    /usr/lib/jvm/java-8-oracle/jre/lib/amd64/libzip.so
7f206d7eb000-7f206d9eb000 ---p 0001a000 fd:00 1858268                    /usr/lib/jvm/java-8-oracle/jre/lib/amd64/libzip.so
7f206d9eb000-7f206d9ec000 rw-p 0001a000 fd:00 1858268                    /usr/lib/jvm/java-8-oracle/jre/lib/amd64/libzip.so
7f206d9ec000-7f206e1f1000 r--s 00000000 fd:02 131837                     /var/lib/sss/mc/passwd
7f206e1f1000-7f206e1f9000 r-xp 00000000 fd:00 2224485                    /lib/x86_64-linux-gnu/libnss_sss.so.2
7f206e1f9000-7f206e3f8000 ---p 00008000 fd:00 2224485                    /lib/x86_64-linux-gnu/libnss_sss.so.2
7f206e3f8000-7f206e3f9000 r--p 00007000 fd:00 2224485                    /lib/x86_64-linux-gnu/libnss_sss.so.2
7f206e3f9000-7f206e3fa000 rw-p 00008000 fd:00 2224485                    /lib/x86_64-linux-gnu/libnss_sss.so.2
7f206e3fa000-7f206e405000 r-xp 00000000 fd:00 2224052                    /lib/x86_64-linux-gnu/libnss_files-2.23.so
7f206e405000-7f206e604000 ---p 0000b000 fd:00 2224052                    /lib/x86_64-linux-gnu/libnss_files-2.23.so
7f206e604000-7f206e605000 r--p 0000a000 fd:00 2224052                    /lib/x86_64-linux-gnu/libnss_files-2.23.so
7f206e605000-7f206e606000 rw-p 0000b000 fd:00 2224052                    /lib/x86_64-linux-gnu/libnss_files-2.23.so
7f206e606000-7f206e60c000 rw-p 00000000 00:00 0 
7f206e60c000-7f206e637000 r-xp 00000000 fd:00 1858262                    /usr/lib/jvm/java-8-oracle/jre/lib/amd64/libjava.so
7f206e637000-7f206e836000 ---p 0002b000 fd:00 1858262                    /usr/lib/jvm/java-8-oracle/jre/lib/amd64/libjava.so
7f206e836000-7f206e838000 rw-p 0002a000 fd:00 1858262                    /usr/lib/jvm/java-8-oracle/jre/lib/amd64/libjava.so
7f206e838000-7f206e845000 r-xp 00000000 fd:00 1858267                    /usr/lib/jvm/java-8-oracle/jre/lib/amd64/libverify.so
7f206e845000-7f206ea44000 ---p 0000d000 fd:00 1858267                    /usr/lib/jvm/java-8-oracle/jre/lib/amd64/libverify.so
7f206ea44000-7f206ea46000 rw-p 0000c000 fd:00 1858267                    /usr/lib/jvm/java-8-oracle/jre/lib/amd64/libverify.so
7f206ea46000-7f206ea4d000 r-xp 00000000 fd:00 2224059                    /lib/x86_64-linux-gnu/librt-2.23.so
7f206ea4d000-7f206ec4c000 ---p 00007000 fd:00 2224059                    /lib/x86_64-linux-gnu/librt-2.23.so
7f206ec4c000-7f206ec4d000 r--p 00006000 fd:00 2224059                    /lib/x86_64-linux-gnu/librt-2.23.so
7f206ec4d000-7f206ec4e000 rw-p 00007000 fd:00 2224059                    /lib/x86_64-linux-gnu/librt-2.23.so
7f206ec4e000-7f206ed56000 r-xp 00000000 fd:00 2224071                    /lib/x86_64-linux-gnu/libm-2.23.so
7f206ed56000-7f206ef55000 ---p 00108000 fd:00 2224071                    /lib/x86_64-linux-gnu/libm-2.23.so
7f206ef55000-7f206ef56000 r--p 00107000 fd:00 2224071                    /lib/x86_64-linux-gnu/libm-2.23.so
7f206ef56000-7f206ef57000 rw-p 00108000 fd:00 2224071                    /lib/x86_64-linux-gnu/libm-2.23.so
7f206ef57000-7f206fc26000 r-xp 00000000 fd:00 1858245                    /usr/lib/jvm/java-8-oracle/jre/lib/amd64/server/libjvm.so
7f206fc26000-7f206fe26000 ---p 00ccf000 fd:00 1858245                    /usr/lib/jvm/java-8-oracle/jre/lib/amd64/server/libjvm.so
7f206fe26000-7f206feff000 rw-p 00ccf000 fd:00 1858245                    /usr/lib/jvm/java-8-oracle/jre/lib/amd64/server/libjvm.so
7f206feff000-7f206ff4a000 rw-p 00000000 00:00 0 
7f206ff4a000-7f207010a000 r-xp 00000000 fd:00 2224078                    /lib/x86_64-linux-gnu/libc-2.23.so
7f207010a000-7f207030a000 ---p 001c0000 fd:00 2224078                    /lib/x86_64-linux-gnu/libc-2.23.so
7f207030a000-7f207030e000 r--p 001c0000 fd:00 2224078                    /lib/x86_64-linux-gnu/libc-2.23.so
7f207030e000-7f2070310000 rw-p 001c4000 fd:00 2224078                    /lib/x86_64-linux-gnu/libc-2.23.so
7f2070310000-7f2070314000 rw-p 00000000 00:00 0 
7f2070314000-7f2070317000 r-xp 00000000 fd:00 2224063                    /lib/x86_64-linux-gnu/libdl-2.23.so
7f2070317000-7f2070516000 ---p 00003000 fd:00 2224063                    /lib/x86_64-linux-gnu/libdl-2.23.so
7f2070516000-7f2070517000 r--p 00002000 fd:00 2224063                    /lib/x86_64-linux-gnu/libdl-2.23.so
7f2070517000-7f2070518000 rw-p 00003000 fd:00 2224063                    /lib/x86_64-linux-gnu/libdl-2.23.so
7f2070518000-7f207052d000 r-xp 00000000 fd:00 1202605                    /usr/lib/jvm/java-8-oracle/lib/amd64/jli/libjli.so
7f207052d000-7f207072d000 ---p 00015000 fd:00 1202605                    /usr/lib/jvm/java-8-oracle/lib/amd64/jli/libjli.so
7f207072d000-7f207072e000 rw-p 00015000 fd:00 1202605                    /usr/lib/jvm/java-8-oracle/lib/amd64/jli/libjli.so
7f207072e000-7f2070746000 r-xp 00000000 fd:00 2224056                    /lib/x86_64-linux-gnu/libpthread-2.23.so
7f2070746000-7f2070945000 ---p 00018000 fd:00 2224056                    /lib/x86_64-linux-gnu/libpthread-2.23.so
7f2070945000-7f2070946000 r--p 00017000 fd:00 2224056                    /lib/x86_64-linux-gnu/libpthread-2.23.so
7f2070946000-7f2070947000 rw-p 00018000 fd:00 2224056                    /lib/x86_64-linux-gnu/libpthread-2.23.so
7f2070947000-7f207094b000 rw-p 00000000 00:00 0 
7f207094b000-7f2070971000 r-xp 00000000 fd:00 2224049                    /lib/x86_64-linux-gnu/ld-2.23.so
7f2070971000-7f2070972000 r--s 00000000 fd:02 264487                     /var/cache/fontconfig/0c9eb80ebd1c36541ebe2852d3bb0c49-le64.cache-6
7f2070972000-7f2070973000 r--s 00000000 fd:02 263719                     /var/cache/fontconfig/c277e94e32b20404286a1ddafa5a80f0-le64.cache-6
7f2070973000-7f207098a000 r--s 00286000 00:31 88886603                   /home/m1miage/roussellea/Documents/coo/projetcoo/ojdbc6.jar
7f207098a000-7f2070991000 r--s 00000000 fd:00 395493                     /usr/lib/x86_64-linux-gnu/gconv/gconv-modules.cache
7f2070991000-7f2070a3b000 rw-p 00000000 00:00 0 
7f2070a3b000-7f2070a3e000 ---p 00000000 00:00 0 
7f2070a3e000-7f2070b40000 rw-p 00000000 00:00 0 
7f2070b40000-7f2070b42000 r--s 00000000 fd:02 263714                     /var/cache/fontconfig/16326683038b281783a0ef8c680e3a10-le64.cache-6
7f2070b42000-7f2070b43000 r--s 00000000 fd:02 263712                     /var/cache/fontconfig/e0aa53bcfa504e64f87823c16bc01eb6-le64.cache-6
7f2070b43000-7f2070b64000 rw-p 00000000 00:00 0 
7f2070b64000-7f2070b6c000 rw-s 00000000 fd:03 25                         /tmp/hsperfdata_roussellea/31818
7f2070b6c000-7f2070b6d000 rw-p 00000000 00:00 0 
7f2070b6d000-7f2070b6e000 r--p 00000000 00:00 0 
7f2070b6e000-7f2070b70000 rw-p 00000000 00:00 0 
7f2070b70000-7f2070b71000 r--p 00025000 fd:00 2224049                    /lib/x86_64-linux-gnu/ld-2.23.so
7f2070b71000-7f2070b72000 rw-p 00026000 fd:00 2224049                    /lib/x86_64-linux-gnu/ld-2.23.so
7f2070b72000-7f2070b73000 rw-p 00000000 00:00 0 
7ffc523ba000-7ffc523db000 rw-p 00000000 00:00 0                          [stack]
7ffc523ec000-7ffc523ee000 r--p 00000000 00:00 0                          [vvar]
7ffc523ee000-7ffc523f0000 r-xp 00000000 00:00 0                          [vdso]
ffffffffff600000-ffffffffff601000 r-xp 00000000 00:00 0                  [vsyscall]

VM Arguments:
jvm_args: -Dfile.encoding=UTF-8 
java_command: game.view.TestPrincipale
java_class_path (initial): /home/m1miage/roussellea/Documents/coo/projetcoo/bin:/home/m1miage/roussellea/Documents/coo/projetcoo/ojdbc6.jar
Launcher Type: SUN_STANDARD

Environment Variables:
JAVA_HOME=/usr/lib/jvm/java-8-oracle
PATH=/home/m1miage/roussellea/bin:/home/m1miage/roussellea/.local/bin:/usr/local/sbin:/usr/local/bin:/usr/sbin:/usr/bin:/sbin:/bin:/usr/games:/usr/local/games:/local/AndroidSDK/tools:/local/AndroidSDK/platform-tools:/snap/bin:/usr/lib/jvm/java-8-oracle/bin:/usr/lib/jvm/java-8-oracle/db/bin:/usr/lib/jvm/java-8-oracle/jre/bin:/opt/mongodb-linux-x86_64-3.4.4/bin:/opt/puppetlabs/bin:/opt/oracle/instantclient_11_2:/opt/oracle/sqldeveloper/sqldeveloper/bin:/local/AndroidSDK/tools:/local/AndroidSDK/platform-tools:/usr/lib/jvm/java-8-oracle/bin:/usr/lib/jvm/java-8-oracle/db/bin:/usr/lib/jvm/java-8-oracle/jre/bin:/opt/oracle/instantclient_11_2:/opt/oracle/sqldeveloper/sqldeveloper/bin
LD_LIBRARY_PATH=/opt/oracle/instantclient_11_2
SHELL=/bin/bash
DISPLAY=:0

Signal Handlers:
SIGSEGV: [libjvm.so+0xac8af0], sa_mask[0]=11111111011111111101111111111110, sa_flags=SA_RESTART|SA_SIGINFO
SIGBUS: [libjvm.so+0xac8af0], sa_mask[0]=11111111011111111101111111111110, sa_flags=SA_RESTART|SA_SIGINFO
SIGFPE: [libjvm.so+0x921dd0], sa_mask[0]=11111111011111111101111111111110, sa_flags=SA_RESTART|SA_SIGINFO
SIGPIPE: [libjvm.so+0x921dd0], sa_mask[0]=11111111011111111101111111111110, sa_flags=SA_RESTART|SA_SIGINFO
SIGXFSZ: [libjvm.so+0x921dd0], sa_mask[0]=11111111011111111101111111111110, sa_flags=SA_RESTART|SA_SIGINFO
SIGILL: [libjvm.so+0x921dd0], sa_mask[0]=11111111011111111101111111111110, sa_flags=SA_RESTART|SA_SIGINFO
SIGUSR1: SIG_DFL, sa_mask[0]=00000000000000000000000000000000, sa_flags=none
SIGUSR2: [libjvm.so+0x923610], sa_mask[0]=00100000000000000000000000000000, sa_flags=SA_RESTART|SA_SIGINFO
SIGHUP: [libjvm.so+0x924a10], sa_mask[0]=11111111011111111101111111111110, sa_flags=SA_RESTART|SA_SIGINFO
SIGINT: [libjvm.so+0x924a10], sa_mask[0]=11111111011111111101111111111110, sa_flags=SA_RESTART|SA_SIGINFO
SIGTERM: [libjvm.so+0x924a10], sa_mask[0]=11111111011111111101111111111110, sa_flags=SA_RESTART|SA_SIGINFO
SIGQUIT: [libjvm.so+0x924a10], sa_mask[0]=11111111011111111101111111111110, sa_flags=SA_RESTART|SA_SIGINFO


---------------  S Y S T E M  ---------------

OS:DISTRIB_ID=Ubuntu
DISTRIB_RELEASE=16.04
DISTRIB_CODENAME=xenial
DISTRIB_DESCRIPTION="Ubuntu 16.04.3 LTS"

uname:Linux 4.10.0-32-generic #36~16.04.1-Ubuntu SMP Wed Aug 9 09:19:02 UTC 2017 x86_64
libc:glibc 2.23 NPTL 2.23 
rlimit: STACK 8192k, CORE 0k, NPROC 31385, NOFILE 1048576, AS infinity
load average:0,09 0,33 1,61

/proc/meminfo:
MemTotal:        8080740 kB
MemFree:         2719368 kB
MemAvailable:    4361704 kB
Buffers:          491184 kB
Cached:          1657228 kB
SwapCached:            0 kB
Active:          3903336 kB
Inactive:        1056248 kB
Active(anon):    2888636 kB
Inactive(anon):   364780 kB
Active(file):    1014700 kB
Inactive(file):   691468 kB
Unevictable:       20592 kB
Mlocked:           20592 kB
SwapTotal:       3997692 kB
SwapFree:        3997692 kB
Dirty:                76 kB
Writeback:             0 kB
AnonPages:       2817804 kB
Mapped:           417264 kB
Shmem:            438860 kB
Slab:             293444 kB
SReclaimable:     239892 kB
SUnreclaim:        53552 kB
KernelStack:        7600 kB
PageTables:        29812 kB
NFS_Unstable:          0 kB
Bounce:                0 kB
WritebackTmp:          0 kB
CommitLimit:     8038060 kB
Committed_AS:    5215796 kB
VmallocTotal:   34359738367 kB
VmallocUsed:           0 kB
VmallocChunk:          0 kB
HardwareCorrupted:     0 kB
AnonHugePages:   2205696 kB
ShmemHugePages:        0 kB
ShmemPmdMapped:        0 kB
CmaTotal:              0 kB
CmaFree:               0 kB
HugePages_Total:       0
HugePages_Free:        0
HugePages_Rsvd:        0
HugePages_Surp:        0
Hugepagesize:       2048 kB
DirectMap4k:      177840 kB
DirectMap2M:     6021120 kB
DirectMap1G:     3145728 kB


CPU:total 4 (initial active 4) (4 cores per cpu, 1 threads per core) family 6 model 60 stepping 3, cmov, cx8, fxsr, mmx, sse, sse2, sse3, ssse3, sse4.1, sse4.2, popcnt, avx, avx2, aes, clmul, erms, lzcnt, tsc, tscinvbit, bmi1, bmi2

/proc/cpuinfo:
processor	: 0
vendor_id	: GenuineIntel
cpu family	: 6
model		: 60
model name	: Intel(R) Core(TM) i5-4590 CPU @ 3.30GHz
stepping	: 3
microcode	: 0x1c
cpu MHz		: 3500.006
cache size	: 6144 KB
physical id	: 0
siblings	: 4
core id		: 0
cpu cores	: 4
apicid		: 0
initial apicid	: 0
fpu		: yes
fpu_exception	: yes
cpuid level	: 13
wp		: yes
flags		: fpu vme de pse tsc msr pae mce cx8 apic sep mtrr pge mca cmov pat pse36 clflush dts acpi mmx fxsr sse sse2 ss ht tm pbe syscall nx pdpe1gb rdtscp lm constant_tsc arch_perfmon pebs bts rep_good nopl xtopology nonstop_tsc aperfmperf pni pclmulqdq dtes64 monitor ds_cpl vmx smx est tm2 ssse3 sdbg fma cx16 xtpr pdcm pcid sse4_1 sse4_2 x2apic movbe popcnt tsc_deadline_timer aes xsave avx f16c rdrand lahf_lm abm epb tpr_shadow vnmi flexpriority ept vpid fsgsbase tsc_adjust bmi1 avx2 smep bmi2 erms invpcid xsaveopt dtherm ida arat pln pts
bugs		:
bogomips	: 6584.66
clflush size	: 64
cache_alignment	: 64
address sizes	: 39 bits physical, 48 bits virtual
power management:

processor	: 1
vendor_id	: GenuineIntel
cpu family	: 6
model		: 60
model name	: Intel(R) Core(TM) i5-4590 CPU @ 3.30GHz
stepping	: 3
microcode	: 0x1c
cpu MHz		: 3500.408
cache size	: 6144 KB
physical id	: 0
siblings	: 4
core id		: 1
cpu cores	: 4
apicid		: 2
initial apicid	: 2
fpu		: yes
fpu_exception	: yes
cpuid level	: 13
wp		: yes
flags		: fpu vme de pse tsc msr pae mce cx8 apic sep mtrr pge mca cmov pat pse36 clflush dts acpi mmx fxsr sse sse2 ss ht tm pbe syscall nx pdpe1gb rdtscp lm constant_tsc arch_perfmon pebs bts rep_good nopl xtopology nonstop_tsc aperfmperf pni pclmulqdq dtes64 monitor ds_cpl vmx smx est tm2 ssse3 sdbg fma cx16 xtpr pdcm pcid sse4_1 sse4_2 x2apic movbe popcnt tsc_deadline_timer aes xsave avx f16c rdrand lahf_lm abm epb tpr_shadow vnmi flexpriority ept vpid fsgsbase tsc_adjust bmi1 avx2 smep bmi2 erms invpcid xsaveopt dtherm ida arat pln pts
bugs		:
bogomips	: 6584.66
clflush size	: 64
cache_alignment	: 64
address sizes	: 39 bits physical, 48 bits virtual
power management:

processor	: 2
vendor_id	: GenuineIntel
cpu family	: 6
model		: 60
model name	: Intel(R) Core(TM) i5-4590 CPU @ 3.30GHz
stepping	: 3
microcode	: 0x1c
cpu MHz		: 3499.804
cache size	: 6144 KB
physical id	: 0
siblings	: 4
core id		: 2
cpu cores	: 4
apicid		: 4
initial apicid	: 4
fpu		: yes
fpu_exception	: yes
cpuid level	: 13
wp		: yes
flags		: fpu vme de pse tsc msr pae mce cx8 apic sep mtrr pge mca cmov pat pse36 clflush dts acpi mmx fxsr sse sse2 ss ht tm pbe syscall nx pdpe1gb rdtscp lm constant_tsc arch_perfmon pebs bts rep_good nopl xtopology nonstop_tsc aperfmperf pni pclmulqdq dtes64 monitor ds_cpl vmx smx est tm2 ssse3 sdbg fma cx16 xtpr pdcm pcid sse4_1 sse4_2 x2apic movbe popcnt tsc_deadline_timer aes xsave avx f16c rdrand lahf_lm abm epb tpr_shadow vnmi flexpriority ept vpid fsgsbase tsc_adjust bmi1 avx2 smep bmi2 erms invpcid xsaveopt dtherm ida arat pln pts
bugs		:
bogomips	: 6584.66
clflush size	: 64
cache_alignment	: 64
address sizes	: 39 bits physical, 48 bits virtual
power management:

processor	: 3
vendor_id	: GenuineIntel
cpu family	: 6
model		: 60
model name	: Intel(R) Core(TM) i5-4590 CPU @ 3.30GHz
stepping	: 3
microcode	: 0x1c
cpu MHz		: 3499.804
cache size	: 6144 KB
physical id	: 0
siblings	: 4
core id		: 3
cpu cores	: 4
apicid		: 6
initial apicid	: 6
fpu		: yes
fpu_exception	: yes
cpuid level	: 13
wp		: yes
flags		: fpu vme de pse tsc msr pae mce cx8 apic sep mtrr pge mca cmov pat pse36 clflush dts acpi mmx fxsr sse sse2 ss ht tm pbe syscall nx pdpe1gb rdtscp lm constant_tsc arch_perfmon pebs bts rep_good nopl xtopology nonstop_tsc aperfmperf pni pclmulqdq dtes64 monitor ds_cpl vmx smx est tm2 ssse3 sdbg fma cx16 xtpr pdcm pcid sse4_1 sse4_2 x2apic movbe popcnt tsc_deadline_timer aes xsave avx f16c rdrand lahf_lm abm epb tpr_shadow vnmi flexpriority ept vpid fsgsbase tsc_adjust bmi1 avx2 smep bmi2 erms invpcid xsaveopt dtherm ida arat pln pts
bugs		:
bogomips	: 6584.66
clflush size	: 64
cache_alignment	: 64
address sizes	: 39 bits physical, 48 bits virtual
power management:



Memory: 4k page, physical 8080740k(2719368k free), swap 3997692k(3997692k free)

vm_info: Java HotSpot(TM) 64-Bit Server VM (25.131-b11) for linux-amd64 JRE (1.8.0_131-b11), built on Mar 15 2017 01:23:40 by "java_re" with gcc 4.3.0 20080428 (Red Hat 4.3.0-8)

time: Fri Dec 22 15:25:47 2017
elapsed time: 742 seconds (0d 0h 12m 22s)

